sample.interval=20000
"length" "match.arg" "order" "sort.int" "paste0" "to_str" "ccov" "cond_cov_counts_reml" "cond_cov_reml" "EM_fit.halfsibdata" 
"ccov_reml" "cond_mean_reml" "EM_fit.halfsibdata" 
"t.default" "t" "ccov_counts" "ccov_reml" "cond_mean_reml" "EM_fit.halfsibdata" 
"ccov_counts" "ccov_reml" "cond_mean_reml" "EM_fit.halfsibdata" 
"ccov_counts" "ccov_reml" "ccomp_reml" "EM_fit.halfsibdata" 
"%*%" "ccov_counts" "ccov_reml" "ccomp_reml" "EM_fit.halfsibdata" 
"t" "ccov_counts" "ccov_reml" "ccomp_reml" "EM_fit.halfsibdata" 
"ccov_counts" "ccov_reml" "ccomp_reml" "EM_fit.halfsibdata" 
"ccov_reml" "ccomp_reml" "EM_fit.halfsibdata" 
"ccov_reml" "ccomp_reml" "EM_fit.halfsibdata" 
"ccov_counts" "ccov_reml" "ccomp_reml" "EM_fit.halfsibdata" 
"ccov_reml" "ccomp_reml" "EM_fit.halfsibdata" 
"ccov_reml" "ccomp_reml" "EM_fit.halfsibdata" 
"ccov_reml" "ccomp_reml" "EM_fit.halfsibdata" 
"t" "ccov_counts" "ccov_reml" "ccomp_reml" "EM_fit.halfsibdata" 
"t.default" "t" "ccov_counts" "ccov_reml" "cond_mean_reml" "EM_fit.halfsibdata" 
"t" "ccov_counts" "ccov_reml" "cond_mean_reml" "EM_fit.halfsibdata" 
"cond_mean_reml" "EM_fit.halfsibdata" 
"t" "ccov_counts" "ccov_reml" "ccomp" "EM_fit.halfsibdata" 
"t" "ccov_counts" "ccov_reml" "ccomp_reml" "EM_fit.halfsibdata" 
"ccomp_reml" "EM_fit.halfsibdata" 
"t" "ccov_counts" "ccov_reml" "ccomp_reml" "EM_fit.halfsibdata" 
"ccov_reml" "ccomp_reml" "EM_fit.halfsibdata" 
"ccov_counts" "ccov_reml" "ccomp_reml" "EM_fit.halfsibdata" 
"ccomp_reml" "EM_fit.halfsibdata" 
"ccov_reml" "ccomp_reml" "EM_fit.halfsibdata" 
"ccov_reml" "ccomp_reml" "EM_fit.halfsibdata" 
"t" "ccov_counts" "ccov_reml" "ccomp_reml" "EM_fit.halfsibdata" 
"ccov_counts" "ccov_reml" "ccomp_reml" "EM_fit.halfsibdata" 
"ccov_raw" "cond_cov_counts_reml" "cond_cov_reml" "EM_fit.halfsibdata" 
"cond_mean_reml" "EM_fit.halfsibdata" 
"cond_mean_reml" "EM_fit.halfsibdata" 
"ccov_counts" "ccov_reml" "cond_mean_reml" "EM_fit.halfsibdata" 
"%*%" "ccov_counts" "ccov_reml" "ccomp_reml" "EM_fit.halfsibdata" 
"t.default" "t" "ccov_counts" "ccov_reml" "ccomp_reml" "EM_fit.halfsibdata" 
"t" "ccov_counts" "ccov_reml" "ccomp_reml" "EM_fit.halfsibdata" 
"t.default" "t" "ccov_counts" "ccov_reml" "ccomp_reml" "EM_fit.halfsibdata" 
"ccov_counts" "ccov_reml" "ccomp_reml" "EM_fit.halfsibdata" 
"ccov_counts" "ccov_reml" "ccomp_reml" "EM_fit.halfsibdata" 
"ccov_reml" "ccomp_reml" "EM_fit.halfsibdata" 
"ccov_reml" "ccomp_reml" "EM_fit.halfsibdata" 
"%*%" "ccov_counts" "ccov_reml" "ccomp_reml" "EM_fit.halfsibdata" 
"ccov_reml" "ccomp_reml" "EM_fit.halfsibdata" 
"paste0" "to_str" "W" "cond_cov_mats" "cond_cov_counts" "EM_fit.halfsibdata" 
"cond_mean_reml" "EM_fit.halfsibdata" 
"cond_mean_reml" "EM_fit.halfsibdata" 
"cond_mean_reml" "EM_fit.halfsibdata" 
"ccov_counts" "ccov_reml" "ccomp_reml" "EM_fit.halfsibdata" 
"ccov_reml" "ccomp_reml" "EM_fit.halfsibdata" 
"ccov_counts" "ccov_reml" "ccomp_reml" "EM_fit.halfsibdata" 
"%*%" "ccov_counts" "ccov_reml" "ccomp_reml" "EM_fit.halfsibdata" 
"t" "ccov_counts" "ccov_reml" "ccomp_reml" "EM_fit.halfsibdata" 
"t" "ccov_counts" "ccov_reml" "ccomp_reml" "EM_fit.halfsibdata" 
"t" "ccov_counts" "ccov_reml" "ccomp_reml" "EM_fit.halfsibdata" 
"ccov_reml" "ccomp_reml" "EM_fit.halfsibdata" 
"t" "ccov_counts" "ccov_reml" "ccomp_reml" "EM_fit.halfsibdata" 
"t" "ccov_counts" "ccov_reml" "ccomp_reml" "EM_fit.halfsibdata" 
"t" "ccov_counts" "ccov_reml" "ccomp_reml" "EM_fit.halfsibdata" 
"t.default" "t" "ccov_counts" "ccov" "cond_cov_counts_reml" "cond_cov_reml" "EM_fit.halfsibdata" 
"t" "ccov_counts" "ccov_reml" "cond_mean_reml" "EM_fit.halfsibdata" 
"t.default" "t" "ccov_counts" "ccov_reml" "cond_mean_reml" "EM_fit.halfsibdata" 
"t" "ccov_counts" "ccov_reml" "cond_mean_reml" "EM_fit.halfsibdata" 
"ccomp_reml" "EM_fit.halfsibdata" 
"ccov_counts" "ccov_reml" "ccomp_reml" "EM_fit.halfsibdata" 
"ccov_counts" "ccov_reml" "ccomp_reml" "EM_fit.halfsibdata" 
"ccov_reml" "ccomp_reml" "EM_fit.halfsibdata" 
"t" "ccov_counts" "ccov_reml" "ccomp_reml" "EM_fit.halfsibdata" 
"t.default" "t" "ccov_counts" "ccov_reml" "ccomp_reml" "EM_fit.halfsibdata" 
"ccov_counts" "ccov_reml" "ccomp_reml" "EM_fit.halfsibdata" 
"EM_fit.halfsibdata" 
"%*%" "ccov_counts" "ccov_reml" "ccomp_reml" "EM_fit.halfsibdata" 
"t.default" "t" "ccov_counts" "ccov_reml" "ccomp_reml" "EM_fit.halfsibdata" 
"ccov_counts" "ccov_reml" "ccomp_reml" "EM_fit.halfsibdata" 
"vapply" "order" "sort.int" "unname" "FUN" "lapply" "unique" ".External2" "%>%" "cond_cov_counts_reml" "cond_cov_reml" "EM_fit.halfsibdata" 
"t" "ccov_counts" "ccov_reml" "cond_mean_reml" "EM_fit.halfsibdata" 
"t" "ccov_counts" "ccov_reml" "cond_mean_reml" "EM_fit.halfsibdata" 
"ccov_reml" "cond_mean_reml" "EM_fit.halfsibdata" 
"ccov_counts" "ccov_reml" "ccomp_reml" "EM_fit.halfsibdata" 
"t" "ccov_counts" "ccov_reml" "ccomp_reml" "EM_fit.halfsibdata" 
"t" "ccov_counts" "ccov_reml" "ccomp_reml" "EM_fit.halfsibdata" 
"t" "ccov_counts" "ccov_reml" "ccomp_reml" "EM_fit.halfsibdata" 
"ccomp_reml" "EM_fit.halfsibdata" 
"t" "ccov_counts" "ccov_reml" "ccomp_reml" "EM_fit.halfsibdata" 
"t" "ccov_counts" "ccov_reml" "ccomp_reml" "EM_fit.halfsibdata" 
"t" "ccov_counts" "ccov_reml" "ccomp_reml" "EM_fit.halfsibdata" 
"ccov_counts" "ccov_reml" "ccomp_reml" "EM_fit.halfsibdata" 
"%*%" "ccov_counts" "ccov_reml" "ccomp_reml" "EM_fit.halfsibdata" 
"vec_is" "FUN" "vapply" "map_mold" "map_lgl" "which" "check_valid_cols" "check_valid_col" "tibble_quos" "tibble::tibble" "stepreml_2way_mat" "EM_fit.halfsibdata" 
"t" "ccov_counts" "ccov_reml" "cond_mean_reml" "EM_fit.halfsibdata" 
"ccov_reml" "cond_mean_reml" "EM_fit.halfsibdata" 
"ccov_counts" "ccov_reml" "cond_mean_reml" "EM_fit.halfsibdata" 
"as.numeric" "ccov_raw" "ccov_counts" "ccov_reml" "ccomp" "EM_fit.halfsibdata" 
"t" "ccov_counts" "ccov_reml" "ccomp_reml" "EM_fit.halfsibdata" 
"t" "ccov_counts" "ccov_reml" "ccomp_reml" "EM_fit.halfsibdata" 
"ccov_reml" "ccomp_reml" "EM_fit.halfsibdata" 
"ccov_reml" "ccomp_reml" "EM_fit.halfsibdata" 
"ccov_reml" "ccomp_reml" "EM_fit.halfsibdata" 
"ccov_counts" "ccov_reml" "ccomp_reml" "EM_fit.halfsibdata" 
"ccov_counts" "ccov_reml" "ccomp_reml" "EM_fit.halfsibdata" 
"%*%" "ccov_counts" "ccov_reml" "ccomp_reml" "EM_fit.halfsibdata" 
"ccov_reml" "ccomp_reml" "EM_fit.halfsibdata" 
"ccov_reml" "ccomp_reml" "EM_fit.halfsibdata" 
"eval" "match.arg" "order" "sort.int" "paste0" "to_str" "ccov" "cond_cov_counts_reml" "cond_cov_reml" "EM_fit.halfsibdata" 
"ccov_reml" "cond_mean_reml" "EM_fit.halfsibdata" 
"%*%" "ccov_counts" "ccov_reml" "cond_mean_reml" "EM_fit.halfsibdata" 
"ccov_reml" "cond_mean_reml" "EM_fit.halfsibdata" 
"t" "ccov_counts" "ccov_reml" "ccomp_reml" "EM_fit.halfsibdata" 
"isTRUE" "ccov_counts" "ccov_reml" "ccomp_reml" "EM_fit.halfsibdata" 
"t" "ccov_counts" "ccov_reml" "ccomp_reml" "EM_fit.halfsibdata" 
"ccov_counts" "ccov_reml" "ccomp_reml" "EM_fit.halfsibdata" 
"isTRUE" "ccov_counts" "ccov_reml" "ccomp_reml" "EM_fit.halfsibdata" 
"t" "ccov_counts" "ccov_reml" "ccomp_reml" "EM_fit.halfsibdata" 
"t" "ccov_counts" "ccov_reml" "ccomp_reml" "EM_fit.halfsibdata" 
"ccomp_reml" "EM_fit.halfsibdata" 
"ccov_counts" "ccov_reml" "ccomp_reml" "EM_fit.halfsibdata" 
"ccov_reml" "ccomp_reml" "EM_fit.halfsibdata" 
"ccov_counts" "ccov_reml" "ccomp_reml" "EM_fit.halfsibdata" 
"ccov_reml" "cond_mean_reml" "EM_fit.halfsibdata" 
"t.default" "t" "ccov_counts" "ccov_reml" "cond_mean_reml" "EM_fit.halfsibdata" 
"%*%" "ccov_counts" "ccov_reml" "cond_mean_reml" "EM_fit.halfsibdata" 
"EM_fit.halfsibdata" 
"ccov_reml" "ccomp_reml" "EM_fit.halfsibdata" 
"EM_fit.halfsibdata" 
"ccomp_reml" "EM_fit.halfsibdata" 
"t.default" "t" "ccov_counts" "ccov_reml" "ccomp_reml" "EM_fit.halfsibdata" 
"ccov_reml" "ccomp_reml" "EM_fit.halfsibdata" 
"ccov_reml" "ccomp_reml" "EM_fit.halfsibdata" 
"ccov_counts" "ccov_reml" "ccomp_reml" "EM_fit.halfsibdata" 
"t" "ccov_counts" "ccov_reml" "ccomp_reml" "EM_fit.halfsibdata" 
"ccov_reml" "ccomp_reml" "EM_fit.halfsibdata" 
"ccov_reml" "ccomp_reml" "EM_fit.halfsibdata" 
"ccov_counts" "ccov" "cond_cov_counts_reml" "cond_cov_reml" "EM_fit.halfsibdata" 
"cond_mean_reml" "EM_fit.halfsibdata" 
"t" "ccov_counts" "ccov_reml" "cond_mean_reml" "EM_fit.halfsibdata" 
"is.na" "isTRUE" "ccov_counts" "ccov_reml" "cond_mean_reml" "EM_fit.halfsibdata" 
"t" "ccov_counts" "ccov_reml" "ccomp_reml" "EM_fit.halfsibdata" 
"ccov_reml" "ccomp_reml" "EM_fit.halfsibdata" 
"ccov_reml" "ccomp_reml" "EM_fit.halfsibdata" 
"ccomp_reml" "EM_fit.halfsibdata" 
"ccov_counts" "ccov_reml" "ccomp_reml" "EM_fit.halfsibdata" 
"t" "ccov_counts" "ccov_reml" "ccomp_reml" "EM_fit.halfsibdata" 
"t" "ccov_counts" "ccov_reml" "ccomp_reml" "EM_fit.halfsibdata" 
"EM_fit.halfsibdata" 
"t" "ccov_counts" "ccov_reml" "ccomp_reml" "EM_fit.halfsibdata" 
"t" "ccov_counts" "ccov_reml" "ccomp_reml" "EM_fit.halfsibdata" 
"t" "ccov_counts" "ccov_reml" "ccomp_reml" "EM_fit.halfsibdata" 
"paste" "cond_cov_counts_reml" "cond_cov_reml" "EM_fit.halfsibdata" 
"ccov_counts" "ccov_reml" "cond_mean_reml" "EM_fit.halfsibdata" 
"%*%" "ccov_counts" "ccov_reml" "cond_mean_reml" "EM_fit.halfsibdata" 
"%*%" "ccov_counts" "ccov_reml" "cond_mean_reml" "EM_fit.halfsibdata" 
"ccov_reml" "ccomp_reml" "EM_fit.halfsibdata" 
"ccov_counts" "ccov_reml" "ccomp_reml" "EM_fit.halfsibdata" 
"t" "ccov_counts" "ccov_reml" "ccomp_reml" "EM_fit.halfsibdata" 
"t" "ccov_counts" "ccov_reml" "ccomp_reml" "EM_fit.halfsibdata" 
"ccov_counts" "ccov_reml" "ccomp_reml" "EM_fit.halfsibdata" 
"t.default" "t" "ccov_counts" "ccov_reml" "ccomp_reml" "EM_fit.halfsibdata" 
"t" "ccov_counts" "ccov_reml" "ccomp_reml" "EM_fit.halfsibdata" 
"t" "ccov_counts" "ccov_reml" "ccomp_reml" "EM_fit.halfsibdata" 
"ccov_counts" "ccov_reml" "ccomp_reml" "EM_fit.halfsibdata" 
"ccov_reml" "ccomp_reml" "EM_fit.halfsibdata" 
"paste" "t" "cond_cov_mats" "cond_cov_counts" "EM_fit.halfsibdata" 
"ccov_reml" "cond_mean_reml" "EM_fit.halfsibdata" 
"t" "ccov_counts" "ccov_reml" "cond_mean_reml" "EM_fit.halfsibdata" 
"isTRUE" "ccov_counts" "ccov_reml" "cond_mean_reml" "EM_fit.halfsibdata" 
"t" "ccov_counts" "ccov_reml" "ccomp_reml" "EM_fit.halfsibdata" 
"t" "ccov_counts" "ccov_reml" "ccomp_reml" "EM_fit.halfsibdata" 
"t.default" "t" "ccov_counts" "ccov_reml" "ccomp_reml" "EM_fit.halfsibdata" 
"ccov_counts" "ccov_reml" "ccomp_reml" "EM_fit.halfsibdata" 
"t" "ccov_counts" "ccov_reml" "ccomp_reml" "EM_fit.halfsibdata" 
"ccov_counts" "ccov_reml" "ccomp_reml" "EM_fit.halfsibdata" 
"t" "ccov_counts" "ccov_reml" "ccomp_reml" "EM_fit.halfsibdata" 
"t" "ccov_counts" "ccov_reml" "ccomp_reml" "EM_fit.halfsibdata" 
"%*%" "ccov_counts" "ccov_reml" "ccomp_reml" "EM_fit.halfsibdata" 
"t" "ccov_counts" "ccov_reml" "ccomp_reml" "EM_fit.halfsibdata" 
"ccov_reml" "ccomp_reml" "EM_fit.halfsibdata" 
"paste" "cond_cov_counts_reml" "cond_cov_reml" "EM_fit.halfsibdata" 
"ccov_reml" "cond_mean_reml" "EM_fit.halfsibdata" 
"cond_mean_reml" "EM_fit.halfsibdata" 
"t" "ccov_counts" "ccov_reml" "cond_mean_reml" "EM_fit.halfsibdata" 
"t" "ccov_counts" "ccov_reml" "ccomp_reml" "EM_fit.halfsibdata" 
"t.default" "t" "ccov_counts" "ccov_reml" "ccomp_reml" "EM_fit.halfsibdata" 
"ccov_counts" "ccov_reml" "ccomp_reml" "EM_fit.halfsibdata" 
"t" "ccov_counts" "ccov_reml" "ccomp_reml" "EM_fit.halfsibdata" 
"ccov_reml" "ccomp_reml" "EM_fit.halfsibdata" 
"t.default" "t" "ccov_counts" "ccov_reml" "ccomp_reml" "EM_fit.halfsibdata" 
"ccov_counts" "ccov_reml" "ccomp_reml" "EM_fit.halfsibdata" 
"ccov_counts" "ccov_reml" "ccomp_reml" "EM_fit.halfsibdata" 
"t.default" "t" "ccov_counts" "ccov_reml" "ccomp_reml" "EM_fit.halfsibdata" 
"ccov_reml" "ccomp_reml" "EM_fit.halfsibdata" 
"sys.function" "formals" "match.arg" "sort.int" "paste0" "to_str" "W" "cond_cov_mats" "cond_cov_counts" "EM_fit.halfsibdata" 
"cond_mean_reml" "EM_fit.halfsibdata" 
"isTRUE" "ccov_counts" "ccov_reml" "cond_mean_reml" "EM_fit.halfsibdata" 
"ccov_reml" "cond_mean_reml" "EM_fit.halfsibdata" 
"%*%" "ccov_counts" "ccov_reml" "ccomp_reml" "EM_fit.halfsibdata" 
"ccomp_reml" "EM_fit.halfsibdata" 
"isTRUE" "ccov_counts" "ccov_reml" "ccomp_reml" "EM_fit.halfsibdata" 
"ccov_counts" "ccov_reml" "ccomp_reml" "EM_fit.halfsibdata" 
"t" "ccov_counts" "ccov_reml" "ccomp_reml" "EM_fit.halfsibdata" 
"ccov_reml" "ccomp_reml" "EM_fit.halfsibdata" 
"t" "ccov_counts" "ccov_reml" "ccomp_reml" "EM_fit.halfsibdata" 
"t" "ccov_counts" "ccov_reml" "ccomp_reml" "EM_fit.halfsibdata" 
"ccov_counts" "ccov_reml" "ccomp_reml" "EM_fit.halfsibdata" 
"t" "ccov_counts" "ccov_reml" "ccomp_reml" "EM_fit.halfsibdata" 
"ccov_reml" "ccomp_reml" "EM_fit.halfsibdata" 
"match.fun" "vapply" "order" "sort.int" "paste0" "to_str" "ccov" "cond_cov_counts_reml" "cond_cov_reml" "EM_fit.halfsibdata" 
"%*%" "ccov_counts" "ccov_reml" "cond_mean_reml" "EM_fit.halfsibdata" 
"cond_mean_reml" "EM_fit.halfsibdata" 
"cond_mean_reml" "EM_fit.halfsibdata" 
"ccov_counts" "ccov_reml" "ccomp_reml" "EM_fit.halfsibdata" 
"t" "ccov_counts" "ccov_reml" "ccomp_reml" "EM_fit.halfsibdata" 
"ccov_reml" "ccomp_reml" "EM_fit.halfsibdata" 
"t.default" "t" "ccov_counts" "ccov_reml" "ccomp_reml" "EM_fit.halfsibdata" 
"ccov_reml" "ccomp_reml" "EM_fit.halfsibdata" 
"t" "ccov_counts" "ccov_reml" "ccomp_reml" "EM_fit.halfsibdata" 
"t" "ccov_counts" "ccov_reml" "ccomp_reml" "EM_fit.halfsibdata" 
"t.default" "t" "ccov_counts" "ccov_reml" "ccomp_reml" "EM_fit.halfsibdata" 
"t" "ccov_counts" "ccov_reml" "ccomp_reml" "EM_fit.halfsibdata" 
"ccov_counts" "ccov_reml" "ccomp_reml" "EM_fit.halfsibdata" 
"t.default" "t" "ccov_counts" "ccov_reml" "ccomp_reml" "EM_fit.halfsibdata" 
"%*%" "ccov_counts" "ccov_reml" "cond_mean_reml" "EM_fit.halfsibdata" 
"ccov_reml" "cond_mean_reml" "EM_fit.halfsibdata" 
"t" "ccov_counts" "ccov_reml" "cond_mean_reml" "EM_fit.halfsibdata" 
"t" "ccov_counts" "ccov_reml" "cond_mean_reml" "EM_fit.halfsibdata" 
"t" "ccov_counts" "ccov_reml" "ccomp_reml" "EM_fit.halfsibdata" 
"t" "ccov_counts" "ccov_reml" "ccomp_reml" "EM_fit.halfsibdata" 
"isTRUE" "ccov_counts" "ccov_reml" "ccomp_reml" "EM_fit.halfsibdata" 
"ccomp_reml" "EM_fit.halfsibdata" 
"t.default" "t" "ccov_counts" "ccov_reml" "ccomp_reml" "EM_fit.halfsibdata" 
"ccov_reml" "ccomp_reml" "EM_fit.halfsibdata" 
"EM_fit.halfsibdata" 
"ccov_counts" "ccov_reml" "ccomp_reml" "EM_fit.halfsibdata" 
"t" "ccov_counts" "ccov_reml" "ccomp_reml" "EM_fit.halfsibdata" 
"t" "ccov_counts" "ccov_reml" "ccomp_reml" "EM_fit.halfsibdata" 
"match.fun" "vapply" "order" "sort.int" "paste0" "to_str" "W" "cond_cov_mats" "cond_cov_counts" "EM_fit.halfsibdata" 
"cond_mean_reml" "EM_fit.halfsibdata" 
"t" "ccov_counts" "ccov_reml" "cond_mean_reml" "EM_fit.halfsibdata" 
"cond_mean_reml" "EM_fit.halfsibdata" 
"ccov_reml" "ccomp_reml" "EM_fit.halfsibdata" 
"ccov_counts" "ccov_reml" "ccomp_reml" "EM_fit.halfsibdata" 
"t" "ccov_counts" "ccov_reml" "ccomp_reml" "EM_fit.halfsibdata" 
"ccov_reml" "ccomp_reml" "EM_fit.halfsibdata" 
"t" "ccov_counts" "ccov_reml" "ccomp_reml" "EM_fit.halfsibdata" 
"ccov_reml" "ccomp_reml" "EM_fit.halfsibdata" 
"t.default" "t" "ccov_raw" "ccov_counts" "ccov_reml" "ccomp_reml" "EM_fit.halfsibdata" 
"ccov_counts" "ccov_reml" "ccomp_reml" "EM_fit.halfsibdata" 
"ccov_reml" "ccomp_reml" "EM_fit.halfsibdata" 
"t" "ccov_counts" "ccov_reml" "ccomp_reml" "EM_fit.halfsibdata" 
"ccov_reml" "ccomp_reml" "EM_fit.halfsibdata" 
"sort.int" "paste0" "to_str" "ccov" "cond_cov_counts_reml" "cond_cov_reml" "EM_fit.halfsibdata" 
"%*%" "ccov_counts" "ccov_reml" "cond_mean_reml" "EM_fit.halfsibdata" 
"ccov_counts" "ccov_reml" "cond_mean_reml" "EM_fit.halfsibdata" 
"cond_mean_reml" "EM_fit.halfsibdata" 
"ccov_reml" "ccomp_reml" "EM_fit.halfsibdata" 
"ccov_counts" "ccov_reml" "ccomp_reml" "EM_fit.halfsibdata" 
"ccov_reml" "ccomp_reml" "EM_fit.halfsibdata" 
"EM_fit.halfsibdata" 
"t" "ccov_counts" "ccov_reml" "ccomp_reml" "EM_fit.halfsibdata" 
"t" "ccov_counts" "ccov_reml" "ccomp_reml" "EM_fit.halfsibdata" 
"t.default" "t" "ccov_counts" "ccov_reml" "ccomp_reml" "EM_fit.halfsibdata" 
"t" "ccov_counts" "ccov_reml" "ccomp_reml" "EM_fit.halfsibdata" 
"ccov_counts" "ccov_reml" "ccomp_reml" "EM_fit.halfsibdata" 
"t" "ccov_counts" "ccov_reml" "ccomp_reml" "EM_fit.halfsibdata" 
"eval" "match.arg" "paired_inverse" "cond_cov_mats" "cond_cov_counts" "EM_fit.halfsibdata" 
"ccov_reml" "cond_mean_reml" "EM_fit.halfsibdata" 
"ccov_counts" "ccov_reml" "cond_mean_reml" "EM_fit.halfsibdata" 
"ccov_reml" "cond_mean_reml" "EM_fit.halfsibdata" 
"ccov_reml" "ccomp" "EM_fit.halfsibdata" 
"t" "ccov_counts" "ccov_reml" "ccomp_reml" "EM_fit.halfsibdata" 
"ccov_reml" "ccomp_reml" "EM_fit.halfsibdata" 
"ccov_reml" "ccomp_reml" "EM_fit.halfsibdata" 
"%*%" "ccov_counts" "ccov_reml" "ccomp_reml" "EM_fit.halfsibdata" 
"t" "ccov_counts" "ccov_reml" "ccomp_reml" "EM_fit.halfsibdata" 
"ccomp_reml" "EM_fit.halfsibdata" 
"ccov_counts" "ccov_reml" "ccomp_reml" "EM_fit.halfsibdata" 
"ccov_reml" "ccomp_reml" "EM_fit.halfsibdata" 
"t" "ccov_counts" "ccov_reml" "ccomp_reml" "EM_fit.halfsibdata" 
"ccov_counts" "ccov_reml" "ccomp_reml" "EM_fit.halfsibdata" 
"ccov" "cond_cov_counts_reml" "cond_cov_reml" "EM_fit.halfsibdata" 
"t" "ccov_counts" "ccov_reml" "cond_mean_reml" "EM_fit.halfsibdata" 
"%*%" "ccov_counts" "ccov_reml" "cond_mean_reml" "EM_fit.halfsibdata" 
"t" "ccov_counts" "ccov_reml" "cond_mean_reml" "EM_fit.halfsibdata" 
"ccov_counts" "ccov_reml" "ccomp_reml" "EM_fit.halfsibdata" 
"ccov_reml" "ccomp_reml" "EM_fit.halfsibdata" 
"ccov_reml" "ccomp_reml" "EM_fit.halfsibdata" 
"t" "ccov_counts" "ccov_reml" "ccomp_reml" "EM_fit.halfsibdata" 
"EM_fit.halfsibdata" 
"ccov_counts" "ccov_reml" "ccomp_reml" "EM_fit.halfsibdata" 
"EM_fit.halfsibdata" 
"t" "ccov_counts" "ccov_reml" "ccomp_reml" "EM_fit.halfsibdata" 
"ccov_reml" "ccomp_reml" "EM_fit.halfsibdata" 
"t" "ccov_counts" "ccov_reml" "ccomp_reml" "EM_fit.halfsibdata" 
"NextMethod" "structure" "[.quosures" "[" "detect_named" "exprs_auto_name" "quos_auto_name" "tibble_quos" "tibble::tibble" "stepreml_2way_mat" "EM_fit.halfsibdata" 
"ccov_counts" "ccov_reml" "cond_mean_reml" "EM_fit.halfsibdata" 
"t" "ccov_counts" "ccov_reml" "cond_mean_reml" "EM_fit.halfsibdata" 
"ccov_reml" "cond_mean_reml" "EM_fit.halfsibdata" 
"t" "ccov_counts" "ccov_reml" "ccomp" "EM_fit.halfsibdata" 
"ccov_counts" "ccov_reml" "ccomp_reml" "EM_fit.halfsibdata" 
"ccov_reml" "ccomp_reml" "EM_fit.halfsibdata" 
"t" "ccov_counts" "ccov_reml" "ccomp_reml" "EM_fit.halfsibdata" 
"ccov_reml" "ccomp_reml" "EM_fit.halfsibdata" 
"ccov_counts" "ccov_reml" "ccomp_reml" "EM_fit.halfsibdata" 
"t" "ccov_counts" "ccov_reml" "ccomp_reml" "EM_fit.halfsibdata" 
"ccov_reml" "ccomp_reml" "EM_fit.halfsibdata" 
"t.default" "t" "ccov_counts" "ccov_reml" "ccomp_reml" "EM_fit.halfsibdata" 
"ccov_reml" "ccomp_reml" "EM_fit.halfsibdata" 
"ccov_reml" "ccomp_reml" "EM_fit.halfsibdata" 
"eval" "match.arg" "sort.int" "paste0" "to_str" "ccov" "cond_cov_counts_reml" "cond_cov_reml" "EM_fit.halfsibdata" 
"ccov_reml" "cond_mean_reml" "EM_fit.halfsibdata" 
"ccov_reml" "cond_mean_reml" "EM_fit.halfsibdata" 
"cond_mean_reml" "EM_fit.halfsibdata" 
"ccov_counts" "ccov_reml" "ccomp_reml" "EM_fit.halfsibdata" 
"ccov_reml" "ccomp_reml" "EM_fit.halfsibdata" 
"ccov_counts" "ccov_reml" "ccomp_reml" "EM_fit.halfsibdata" 
"ccov_reml" "ccomp_reml" "EM_fit.halfsibdata" 
"EM_fit.halfsibdata" 
"%*%" "ccov_counts" "ccov_reml" "ccomp_reml" "EM_fit.halfsibdata" 
"t" "ccov_counts" "ccov_reml" "ccomp_reml" "EM_fit.halfsibdata" 
"ccov_counts" "ccov_reml" "ccomp_reml" "EM_fit.halfsibdata" 
"%*%" "ccov_counts" "ccov_reml" "ccomp_reml" "EM_fit.halfsibdata" 
"t" "ccov_counts" "ccov_reml" "ccomp_reml" "EM_fit.halfsibdata" 
"ccov_reml" "ccomp_reml" "EM_fit.halfsibdata" 
"ccov_counts" "ccov_reml" "cond_mean_reml" "EM_fit.halfsibdata" 
"t" "ccov_counts" "ccov_reml" "cond_mean_reml" "EM_fit.halfsibdata" 
"t" "ccov_counts" "ccov_reml" "cond_mean_reml" "EM_fit.halfsibdata" 
"cond_mean_reml" "EM_fit.halfsibdata" 
"t" "ccov_counts" "ccov_reml" "ccomp_reml" "EM_fit.halfsibdata" 
"ccov_reml" "ccomp_reml" "EM_fit.halfsibdata" 
"ccov_reml" "ccomp_reml" "EM_fit.halfsibdata" 
"ccov_counts" "ccov_reml" "ccomp_reml" "EM_fit.halfsibdata" 
"ccomp_reml" "EM_fit.halfsibdata" 
"t" "ccov_counts" "ccov_reml" "ccomp_reml" "EM_fit.halfsibdata" 
"ccov_counts" "ccov_reml" "ccomp_reml" "EM_fit.halfsibdata" 
"t" "ccov_counts" "ccov_reml" "ccomp_reml" "EM_fit.halfsibdata" 
"%*%" "ccov_counts" "ccov_reml" "ccomp_reml" "EM_fit.halfsibdata" 
"t" "ccov_counts" "ccov_reml" "ccomp_reml" "EM_fit.halfsibdata" 
"t" "stepreml_1way" "stepreml_2way_mat" "EM_fit.halfsibdata" 
"t" "ccov_counts" "ccov_reml" "cond_mean_reml" "EM_fit.halfsibdata" 
"ccov_counts" "ccov_reml" "cond_mean_reml" "EM_fit.halfsibdata" 
"t" "ccov_counts" "ccov_reml" "cond_mean_reml" "EM_fit.halfsibdata" 
"ccov_counts" "ccov_reml" "ccomp" "EM_fit.halfsibdata" 
"EM_fit.halfsibdata" 
"EM_fit.halfsibdata" 
"t" "ccov_counts" "ccov_reml" "ccomp_reml" "EM_fit.halfsibdata" 
"t" "ccov_counts" "ccov_reml" "ccomp_reml" "EM_fit.halfsibdata" 
"isTRUE" "ccov_counts" "ccov_reml" "ccomp_reml" "EM_fit.halfsibdata" 
"ccov_reml" "ccomp_reml" "EM_fit.halfsibdata" 
"ccov_counts" "ccov_reml" "ccomp_reml" "EM_fit.halfsibdata" 
"ccov_counts" "ccov_reml" "ccomp_reml" "EM_fit.halfsibdata" 
"ccov_reml" "ccomp_reml" "EM_fit.halfsibdata" 
"ccov_counts" "ccov_reml" "ccomp_reml" "EM_fit.halfsibdata" 
"to_str" "ccov" "cond_cov_counts_reml" "cond_cov_reml" "EM_fit.halfsibdata" 
"cond_mean_reml" "EM_fit.halfsibdata" 
"t" "ccov_counts" "ccov_reml" "cond_mean_reml" "EM_fit.halfsibdata" 
"t" "ccov_counts" "ccov_reml" "cond_mean_reml" "EM_fit.halfsibdata" 
"ccov_counts" "ccov_reml" "ccomp_reml" "EM_fit.halfsibdata" 
"ccov_reml" "ccomp_reml" "EM_fit.halfsibdata" 
"t" "ccov_counts" "ccov_reml" "ccomp_reml" "EM_fit.halfsibdata" 
"t" "ccov_counts" "ccov_reml" "ccomp_reml" "EM_fit.halfsibdata" 
"t" "ccov_counts" "ccov_reml" "ccomp_reml" "EM_fit.halfsibdata" 
"ccov_counts" "ccov_reml" "ccomp_reml" "EM_fit.halfsibdata" 
"t" "ccov_raw" "ccov_counts" "ccov_reml" "ccomp_reml" "EM_fit.halfsibdata" 
"ccov_counts" "ccov_reml" "ccomp_reml" "EM_fit.halfsibdata" 
"ccov_reml" "ccomp_reml" "EM_fit.halfsibdata" 
"t" "ccov_counts" "ccov_reml" "ccomp_reml" "EM_fit.halfsibdata" 
"match.arg" "stepreml_2way_mat" "EM_fit.halfsibdata" 
"ccov_counts" "ccov_reml" "cond_mean_reml" "EM_fit.halfsibdata" 
"t" "ccov_counts" "ccov_reml" "cond_mean_reml" "EM_fit.halfsibdata" 
"ccov_counts" "ccov_reml" "cond_mean_reml" "EM_fit.halfsibdata" 
"EM_fit.halfsibdata" 
"EM_fit.halfsibdata" 
"t" "ccov_counts" "ccov_reml" "ccomp_reml" "EM_fit.halfsibdata" 
"%*%" "ccov_counts" "ccov_reml" "ccomp_reml" "EM_fit.halfsibdata" 
"t" "ccov_counts" "ccov_reml" "ccomp_reml" "EM_fit.halfsibdata" 
"t" "ccov_counts" "ccov_reml" "ccomp_reml" "EM_fit.halfsibdata" 
"ccov_reml" "ccomp_reml" "EM_fit.halfsibdata" 
"ccov_reml" "ccomp_reml" "EM_fit.halfsibdata" 
"t" "ccov_counts" "ccov_reml" "ccomp_reml" "EM_fit.halfsibdata" 
"ccov_reml" "ccomp_reml" "EM_fit.halfsibdata" 
"t" "ccov_counts" "ccov_reml" "ccomp_reml" "EM_fit.halfsibdata" 
"paste" "ccov" "cond_cov_counts_reml" "cond_cov_reml" "EM_fit.halfsibdata" 
"cond_mean_reml" "EM_fit.halfsibdata" 
"ccov_counts" "ccov_reml" "cond_mean_reml" "EM_fit.halfsibdata" 
"t" "ccov_counts" "ccov_reml" "cond_mean_reml" "EM_fit.halfsibdata" 
"%*%" "ccov_counts" "ccov_reml" "ccomp_reml" "EM_fit.halfsibdata" 
"ccov_counts" "ccov_reml" "ccomp_reml" "EM_fit.halfsibdata" 
"ccov_reml" "ccomp_reml" "EM_fit.halfsibdata" 
"ccov_reml" "ccomp_reml" "EM_fit.halfsibdata" 
"ccov_counts" "ccov_reml" "ccomp_reml" "EM_fit.halfsibdata" 
"ccov_reml" "ccomp_reml" "EM_fit.halfsibdata" 
"t" "ccov_counts" "ccov_reml" "ccomp_reml" "EM_fit.halfsibdata" 
"ccov_reml" "ccomp_reml" "EM_fit.halfsibdata" 
"t" "ccov_counts" "ccov_reml" "ccomp_reml" "EM_fit.halfsibdata" 
"ccov_counts" "ccov_reml" "ccomp_reml" "EM_fit.halfsibdata" 
"ccov_counts" "ccov_reml" "ccomp_reml" "EM_fit.halfsibdata" 
"paste" "ccov_raw" "cond_cov_counts_reml" "cond_cov_reml" "EM_fit.halfsibdata" 
"t" "ccov_counts" "ccov_reml" "cond_mean_reml" "EM_fit.halfsibdata" 
"t.default" "t" "ccov_counts" "ccov_reml" "cond_mean_reml" "EM_fit.halfsibdata" 
"balance.halfsibdata" "balance" "EM_fit.halfsibdata" 
"ccomp_reml" "EM_fit.halfsibdata" 
"ccov_counts" "ccov_reml" "ccomp_reml" "EM_fit.halfsibdata" 
"%*%" "ccov_counts" "ccov_reml" "ccomp_reml" "EM_fit.halfsibdata" 
"ccov_counts" "ccov_reml" "ccomp_reml" "EM_fit.halfsibdata" 
"ccov_reml" "ccomp_reml" "EM_fit.halfsibdata" 
"ccov_reml" "ccomp_reml" "EM_fit.halfsibdata" 
"ccov_reml" "ccomp_reml" "EM_fit.halfsibdata" 
"ccov_counts" "ccov_reml" "ccomp_reml" "EM_fit.halfsibdata" 
"ccov_reml" "ccomp_reml" "EM_fit.halfsibdata" 
"t" "ccov_counts" "ccov_reml" "ccomp_reml" "EM_fit.halfsibdata" 
"solve.default" "solve" "make_W" "cond_cov_mats" "cond_cov_counts" "EM_fit.halfsibdata" 
"ccov_reml" "cond_mean_reml" "EM_fit.halfsibdata" 
"ccov_reml" "cond_mean_reml" "EM_fit.halfsibdata" 
"ccov_counts" "ccov_reml" "cond_mean_reml" "EM_fit.halfsibdata" 
"ccov_reml" "ccomp" "EM_fit.halfsibdata" 
"EM_fit.halfsibdata" 
"t.default" "t" "ccov_counts" "ccov_reml" "ccomp_reml" "EM_fit.halfsibdata" 
"ccov_counts" "ccov_reml" "ccomp_reml" "EM_fit.halfsibdata" 
"ccov_reml" "ccomp_reml" "EM_fit.halfsibdata" 
"ccov_counts" "ccov_reml" "ccomp_reml" "EM_fit.halfsibdata" 
"ccov_reml" "ccomp_reml" "EM_fit.halfsibdata" 
"ccomp_reml" "EM_fit.halfsibdata" 
"t" "ccov_counts" "ccov_reml" "ccomp_reml" "EM_fit.halfsibdata" 
"EM_fit.halfsibdata" 
"%*%" "ccov_counts" "ccov_reml" "ccomp_reml" "EM_fit.halfsibdata" 
"t" "ccov_raw" "cond_cov_counts_reml" "cond_cov_reml" "EM_fit.halfsibdata" 
"t" "ccov_raw" "ccov_counts" "ccov_reml" "cond_mean_reml" "EM_fit.halfsibdata" 
"ccov_counts" "ccov_reml" "cond_mean_reml" "EM_fit.halfsibdata" 
"%*%" "cond_mean_reml" "EM_fit.halfsibdata" 
"length" "isTRUE" "ccov_counts" "ccov_reml" "ccomp_reml" "EM_fit.halfsibdata" 
"t" "ccov_counts" "ccov_reml" "ccomp_reml" "EM_fit.halfsibdata" 
"%*%" "ccov_counts" "ccov_reml" "ccomp_reml" "EM_fit.halfsibdata" 
"t" "ccov_counts" "ccov_reml" "ccomp_reml" "EM_fit.halfsibdata" 
"ccov_reml" "ccomp_reml" "EM_fit.halfsibdata" 
"ccov_counts" "ccov_reml" "ccomp_reml" "EM_fit.halfsibdata" 
"ccov_counts" "ccov_reml" "ccomp_reml" "EM_fit.halfsibdata" 
"ccov_counts" "ccov_reml" "ccomp_reml" "EM_fit.halfsibdata" 
"ccov_reml" "ccomp_reml" "EM_fit.halfsibdata" 
"t" "ccov_counts" "ccov_reml" "ccomp_reml" "EM_fit.halfsibdata" 
"match.arg" "order" "sort.int" "unname" "FUN" "lapply" "unique" ".External2" "%>%" "cond_cov_mats" "cond_cov_counts" "EM_fit.halfsibdata" 
"t" "ccov_counts" "ccov_reml" "cond_mean_reml" "EM_fit.halfsibdata" 
"cond_mean_reml" "EM_fit.halfsibdata" 
"cond_mean_reml" "EM_fit.halfsibdata" 
"ccov_reml" "ccomp_reml" "EM_fit.halfsibdata" 
"ccov_counts" "ccov_reml" "ccomp_reml" "EM_fit.halfsibdata" 
"ccov_reml" "ccomp_reml" "EM_fit.halfsibdata" 
"ccov_reml" "ccomp_reml" "EM_fit.halfsibdata" 
"ccov_counts" "ccov_reml" "ccomp_reml" "EM_fit.halfsibdata" 
"ccov_reml" "ccomp_reml" "EM_fit.halfsibdata" 
"ccov_reml" "ccomp_reml" "EM_fit.halfsibdata" 
"ccov_counts" "ccov_reml" "ccomp_reml" "EM_fit.halfsibdata" 
"isTRUE" "ccov_counts" "ccov_reml" "ccomp_reml" "EM_fit.halfsibdata" 
"EM_fit.halfsibdata" 
"ccomp_reml" "EM_fit.halfsibdata" 
"ccov_counts" "ccov" "cond_cov_counts_reml" "cond_cov_reml" "EM_fit.halfsibdata" 
"t" "ccov_counts" "ccov_reml" "cond_mean_reml" "EM_fit.halfsibdata" 
"t" "ccov_counts" "ccov_reml" "cond_mean_reml" "EM_fit.halfsibdata" 
"t.default" "t" "ccov_counts" "ccov_reml" "cond_mean_reml" "EM_fit.halfsibdata" 
"ccov_counts" "ccov_reml" "ccomp_reml" "EM_fit.halfsibdata" 
"ccov_counts" "ccov_reml" "ccomp_reml" "EM_fit.halfsibdata" 
"ccov_reml" "ccomp_reml" "EM_fit.halfsibdata" 
"ccov_counts" "ccov_reml" "ccomp_reml" "EM_fit.halfsibdata" 
"t" "ccov_counts" "ccov_reml" "ccomp_reml" "EM_fit.halfsibdata" 
"ccomp_reml" "EM_fit.halfsibdata" 
"ccov_counts" "ccov_reml" "ccomp_reml" "EM_fit.halfsibdata" 
"t" "ccov_counts" "ccov_reml" "ccomp_reml" "EM_fit.halfsibdata" 
"t" "ccov_counts" "ccov_reml" "ccomp_reml" "EM_fit.halfsibdata" 
"ccov_reml" "ccomp_reml" "EM_fit.halfsibdata" 
"ccov_reml" "ccomp_reml" "EM_fit.halfsibdata" 
"ccov_reml" "cond_mean_reml" "EM_fit.halfsibdata" 
"t" "ccov_counts" "ccov_reml" "cond_mean_reml" "EM_fit.halfsibdata" 
"t" "ccov_counts" "ccov_reml" "cond_mean_reml" "EM_fit.halfsibdata" 
"EM_fit.halfsibdata" 
"ccov_counts" "ccov_reml" "ccomp_reml" "EM_fit.halfsibdata" 
"ccov_counts" "ccov_reml" "ccomp_reml" "EM_fit.halfsibdata" 
"ccov_reml" "ccomp_reml" "EM_fit.halfsibdata" 
"ccov_reml" "ccomp_reml" "EM_fit.halfsibdata" 
"isTRUE" "ccov_counts" "ccov_reml" "ccomp_reml" "EM_fit.halfsibdata" 
"%*%" "ccov_counts" "ccov_reml" "ccomp_reml" "EM_fit.halfsibdata" 
"t" "ccov_counts" "ccov_reml" "ccomp_reml" "EM_fit.halfsibdata" 
"ccov_reml" "ccomp_reml" "EM_fit.halfsibdata" 
"ccov_reml" "ccomp_reml" "EM_fit.halfsibdata" 
"t" "ccov_counts" "ccov_reml" "ccomp_reml" "EM_fit.halfsibdata" 
"W" "cond_cov_mats" "cond_cov_counts" "EM_fit.halfsibdata" 
"ccov_reml" "cond_mean_reml" "EM_fit.halfsibdata" 
"%*%" "ccov_counts" "ccov_reml" "cond_mean_reml" "EM_fit.halfsibdata" 
"ccov_reml" "cond_mean_reml" "EM_fit.halfsibdata" 
"ccov_reml" "ccomp" "EM_fit.halfsibdata" 
"t" "ccov_counts" "ccov_reml" "ccomp_reml" "EM_fit.halfsibdata" 
"t.default" "t" "ccov_counts" "ccov_reml" "ccomp_reml" "EM_fit.halfsibdata" 
"t" "ccov_counts" "ccov_reml" "ccomp_reml" "EM_fit.halfsibdata" 
"ccov_reml" "ccomp_reml" "EM_fit.halfsibdata" 
"EM_fit.halfsibdata" 
"t.default" "t" "ccov_counts" "ccov_reml" "ccomp_reml" "EM_fit.halfsibdata" 
"ccov_reml" "ccomp_reml" "EM_fit.halfsibdata" 
"%*%" "ccov_counts" "ccov_reml" "ccomp_reml" "EM_fit.halfsibdata" 
"t" "ccov_counts" "ccov_reml" "ccomp_reml" "EM_fit.halfsibdata" 
"t" "ccov_counts" "ccov_reml" "ccomp_reml" "EM_fit.halfsibdata" 
"sort.int" "paste0" "to_str" "ccov" "cond_cov_counts_reml" "cond_cov_reml" "EM_fit.halfsibdata" 
"t" "ccov_raw" "ccov_counts" "ccov_reml" "cond_mean_reml" "EM_fit.halfsibdata" 
"ccov_counts" "ccov_reml" "cond_mean_reml" "EM_fit.halfsibdata" 
"ccov_reml" "cond_mean_reml" "EM_fit.halfsibdata" 
"ccov_reml" "ccomp_reml" "EM_fit.halfsibdata" 
"ccov_counts" "ccov_reml" "ccomp_reml" "EM_fit.halfsibdata" 
"t.default" "t" "ccov_counts" "ccov_reml" "ccomp_reml" "EM_fit.halfsibdata" 
"t" "ccov_counts" "ccov_reml" "ccomp_reml" "EM_fit.halfsibdata" 
"ccov_reml" "ccomp_reml" "EM_fit.halfsibdata" 
"t" "ccov_counts" "ccov_reml" "ccomp_reml" "EM_fit.halfsibdata" 
"ccov_reml" "ccomp_reml" "EM_fit.halfsibdata" 
"%*%" "ccov_counts" "ccov_reml" "ccomp_reml" "EM_fit.halfsibdata" 
"ccov_reml" "ccomp_reml" "EM_fit.halfsibdata" 
"t" "ccov_counts" "ccov_reml" "ccomp_reml" "EM_fit.halfsibdata" 
"stepreml_2way_mat" "EM_fit.halfsibdata" 
"%*%" "ccov_counts" "ccov_reml" "cond_mean_reml" "EM_fit.halfsibdata" 
"t" "ccov_counts" "ccov_reml" "cond_mean_reml" "EM_fit.halfsibdata" 
"ccov_counts" "ccov_reml" "cond_mean_reml" "EM_fit.halfsibdata" 
"EM_fit.halfsibdata" 
"%*%" "ccov_counts" "ccov_reml" "ccomp_reml" "EM_fit.halfsibdata" 
"ccomp_reml" "EM_fit.halfsibdata" 
"t" "ccov_counts" "ccov_reml" "ccomp_reml" "EM_fit.halfsibdata" 
"ccov_counts" "ccov_reml" "ccomp_reml" "EM_fit.halfsibdata" 
"ccov_counts" "ccov_reml" "ccomp_reml" "EM_fit.halfsibdata" 
"isTRUE" "ccov_counts" "ccov_reml" "ccomp_reml" "EM_fit.halfsibdata" 
"t.default" "t" "ccov_counts" "ccov_reml" "ccomp_reml" "EM_fit.halfsibdata" 
"ccov_reml" "ccomp_reml" "EM_fit.halfsibdata" 
"%*%" "ccov_counts" "ccov_reml" "ccomp_reml" "EM_fit.halfsibdata" 
"ccomp_reml" "EM_fit.halfsibdata" 
"eval" "eval" "match.arg" "sort.int" "paste0" "to_str" "ccov" "cond_cov_counts_reml" "cond_cov_reml" "EM_fit.halfsibdata" 
"cond_mean_reml" "EM_fit.halfsibdata" 
"%*%" "ccov_counts" "ccov_reml" "cond_mean_reml" "EM_fit.halfsibdata" 
"%*%" "ccov_counts" "ccov_reml" "cond_mean_reml" "EM_fit.halfsibdata" 
"ccomp_reml" "EM_fit.halfsibdata" 
"ccov_counts" "ccov_reml" "ccomp_reml" "EM_fit.halfsibdata" 
"t" "ccov_counts" "ccov_reml" "ccomp_reml" "EM_fit.halfsibdata" 
"ccov_reml" "ccomp_reml" "EM_fit.halfsibdata" 
"t" "ccov_counts" "ccov_reml" "ccomp_reml" "EM_fit.halfsibdata" 
"ccov_counts" "ccov_reml" "ccomp_reml" "EM_fit.halfsibdata" 
"t" "ccov_counts" "ccov_reml" "ccomp_reml" "EM_fit.halfsibdata" 
"ccov_counts" "ccov_reml" "ccomp_reml" "EM_fit.halfsibdata" 
"ccov_reml" "ccomp_reml" "EM_fit.halfsibdata" 
"ccov_reml" "ccomp_reml" "EM_fit.halfsibdata" 
"ccov_reml" "ccomp_reml" "EM_fit.halfsibdata" 
"sum" "cond_cov_counts_reml" "cond_cov_reml" "EM_fit.halfsibdata" 
"ccov_counts" "ccov_reml" "cond_mean_reml" "EM_fit.halfsibdata" 
"ccov_reml" "cond_mean_reml" "EM_fit.halfsibdata" 
"%*%" "ccov_counts" "ccov_reml" "cond_mean_reml" "EM_fit.halfsibdata" 
"%*%" "ccov_counts" "ccov_reml" "ccomp_reml" "EM_fit.halfsibdata" 
"ccomp_reml" "EM_fit.halfsibdata" 
"ccov_counts" "ccov_reml" "ccomp_reml" "EM_fit.halfsibdata" 
"t.default" "t" "ccov_counts" "ccov_reml" "ccomp_reml" "EM_fit.halfsibdata" 
"ccomp_reml" "EM_fit.halfsibdata" 
"ccov_reml" "ccomp_reml" "EM_fit.halfsibdata" 
"%*%" "ccov_counts" "ccov_reml" "ccomp_reml" "EM_fit.halfsibdata" 
"ccov_reml" "ccomp_reml" "EM_fit.halfsibdata" 
"ccov_counts" "ccov_reml" "ccomp_reml" "EM_fit.halfsibdata" 
"t" "ccov_counts" "ccov_reml" "ccomp_reml" "EM_fit.halfsibdata" 
"ccov_counts" "ccov_reml" "ccomp_reml" "EM_fit.halfsibdata" 
"%*%" "ccov_counts" "ccov_reml" "cond_mean_reml" "EM_fit.halfsibdata" 
"ccov_counts" "ccov_reml" "cond_mean_reml" "EM_fit.halfsibdata" 
"t" "ccov_counts" "ccov_reml" "cond_mean_reml" "EM_fit.halfsibdata" 
"%*%" "ccov_counts" "ccov_reml" "cond_mean_reml" "EM_fit.halfsibdata" 
"ccov_reml" "ccomp_reml" "EM_fit.halfsibdata" 
"ccov_counts" "ccov_reml" "ccomp_reml" "EM_fit.halfsibdata" 
"ccov_reml" "ccomp_reml" "EM_fit.halfsibdata" 
"ccov_counts" "ccov_reml" "ccomp_reml" "EM_fit.halfsibdata" 
"t" "ccov_counts" "ccov_reml" "ccomp_reml" "EM_fit.halfsibdata" 
"t" "ccov_counts" "ccov_reml" "ccomp_reml" "EM_fit.halfsibdata" 
"%*%" "ccov_counts" "ccov_reml" "ccomp_reml" "EM_fit.halfsibdata" 
"ccov_counts" "ccov_reml" "ccomp_reml" "EM_fit.halfsibdata" 
"ccov_reml" "ccomp_reml" "EM_fit.halfsibdata" 
"t" "ccov_counts" "ccov_reml" "ccomp_reml" "EM_fit.halfsibdata" 
"is.numeric" "sort.int" "paste0" "to_str" "W" "cond_cov_mats" "cond_cov_counts" "EM_fit.halfsibdata" 
"%*%" "cond_mean_reml" "EM_fit.halfsibdata" 
"ccov_reml" "cond_mean_reml" "EM_fit.halfsibdata" 
"cond_mean_reml" "EM_fit.halfsibdata" 
"EM_fit.halfsibdata" 
"ccov_reml" "ccomp_reml" "EM_fit.halfsibdata" 
"t" "ccov_counts" "ccov_reml" "ccomp_reml" "EM_fit.halfsibdata" 
"t" "ccov_counts" "ccov_reml" "ccomp_reml" "EM_fit.halfsibdata" 
"t" "ccov_counts" "ccov_reml" "ccomp_reml" "EM_fit.halfsibdata" 
"EM_fit.halfsibdata" 
"t" "ccov_counts" "ccov_reml" "ccomp_reml" "EM_fit.halfsibdata" 
"ccov_counts" "ccov_reml" "ccomp_reml" "EM_fit.halfsibdata" 
"length" "isTRUE" "ccov_counts" "ccov_reml" "ccomp_reml" "EM_fit.halfsibdata" 
"ccov_reml" "ccomp_reml" "EM_fit.halfsibdata" 
"t" "ccov_counts" "ccov_reml" "ccomp_reml" "EM_fit.halfsibdata" 
"sort.int" "paste0" "to_str" "ccov" "cond_cov_counts_reml" "cond_cov_reml" "EM_fit.halfsibdata" 
"t" "ccov_counts" "ccov_reml" "cond_mean_reml" "EM_fit.halfsibdata" 
"ccov_reml" "cond_mean_reml" "EM_fit.halfsibdata" 
"t" "ccov_counts" "ccov_reml" "cond_mean_reml" "EM_fit.halfsibdata" 
"ccov_reml" "ccomp_reml" "EM_fit.halfsibdata" 
"ccov_reml" "ccomp_reml" "EM_fit.halfsibdata" 
"t" "ccov_counts" "ccov_reml" "ccomp_reml" "EM_fit.halfsibdata" 
"%*%" "ccov_counts" "ccov_reml" "ccomp_reml" "EM_fit.halfsibdata" 
"ccov_reml" "ccomp_reml" "EM_fit.halfsibdata" 
"t.default" "t" "ccov_counts" "ccov_reml" "ccomp_reml" "EM_fit.halfsibdata" 
"ccov_counts" "ccov_reml" "ccomp_reml" "EM_fit.halfsibdata" 
"EM_fit.halfsibdata" 
"t" "ccov_counts" "ccov_reml" "ccomp_reml" "EM_fit.halfsibdata" 
"t" "ccov_counts" "ccov_reml" "ccomp_reml" "EM_fit.halfsibdata" 
"t" "ccov_counts" "ccov_reml" "ccomp_reml" "EM_fit.halfsibdata" 
"t" "ccov_counts" "ccov_reml" "ccomp_reml" "EM_fit.halfsibdata" 
"t" "ccov_counts" "ccov_reml" "ccomp_reml" "EM_fit.halfsibdata" 
"t" "ccov_counts" "ccov_reml" "ccomp_reml" "EM_fit.halfsibdata" 
"ccov_reml" "ccomp_reml" "EM_fit.halfsibdata" 
"EM_fit.halfsibdata" 
"c" "eval" "eval" "match.arg" "paired_inverse" "cond_cov_mats" "cond_cov_counts" "EM_fit.halfsibdata" 
"ccov_counts" "ccov_reml" "cond_mean_reml" "EM_fit.halfsibdata" 
"ccov_reml" "cond_mean_reml" "EM_fit.halfsibdata" 
"cond_mean_reml" "EM_fit.halfsibdata" 
"t" "ccov_counts" "ccov_reml" "ccomp" "EM_fit.halfsibdata" 
"t" "ccov_counts" "ccov_reml" "ccomp_reml" "EM_fit.halfsibdata" 
"ccov_counts" "ccov_reml" "ccomp_reml" "EM_fit.halfsibdata" 
"t" "ccov_counts" "ccov_reml" "ccomp_reml" "EM_fit.halfsibdata" 
"ccov_reml" "ccomp_reml" "EM_fit.halfsibdata" 
"%*%" "ccov_counts" "ccov_reml" "ccomp_reml" "EM_fit.halfsibdata" 
"ccov_counts" "ccov_reml" "ccomp_reml" "EM_fit.halfsibdata" 
"ccov_counts" "ccov_reml" "ccomp_reml" "EM_fit.halfsibdata" 
"t" "ccov_counts" "ccov_reml" "ccomp_reml" "EM_fit.halfsibdata" 
"EM_fit.halfsibdata" 
"ccov_reml" "ccomp_reml" "EM_fit.halfsibdata" 
"paste" "cond_cov_counts_reml" "cond_cov_reml" "EM_fit.halfsibdata" 
"ccov_reml" "cond_mean_reml" "EM_fit.halfsibdata" 
"ccov_reml" "cond_mean_reml" "EM_fit.halfsibdata" 
"unique" "is.dam_balanced" "...elt" "stopifnot" "balance.halfsibdata" "balance" "EM_fit.halfsibdata" 
"ccov_counts" "ccov_reml" "ccomp_reml" "EM_fit.halfsibdata" 
"ccomp_reml" "EM_fit.halfsibdata" 
"%*%" "ccov_counts" "ccov_reml" "ccomp_reml" "EM_fit.halfsibdata" 
"t" "ccov_counts" "ccov_reml" "ccomp_reml" "EM_fit.halfsibdata" 
"isTRUE" "ccov_counts" "ccov_reml" "ccomp_reml" "EM_fit.halfsibdata" 
"EM_fit.halfsibdata" 
"ccov_reml" "ccomp_reml" "EM_fit.halfsibdata" 
"ccov_reml" "ccomp_reml" "EM_fit.halfsibdata" 
"ccov_reml" "ccomp_reml" "EM_fit.halfsibdata" 
"%*%" "ccov_counts" "ccov_reml" "ccomp_reml" "EM_fit.halfsibdata" 
"ccov" "cond_cov_counts_reml" "cond_cov_reml" "EM_fit.halfsibdata" 
"t" "ccov_counts" "ccov_reml" "cond_mean_reml" "EM_fit.halfsibdata" 
"ccov_reml" "cond_mean_reml" "EM_fit.halfsibdata" 
"ccov_counts" "ccov_reml" "cond_mean_reml" "EM_fit.halfsibdata" 
"ccov_reml" "ccomp_reml" "EM_fit.halfsibdata" 
"ccov_reml" "ccomp_reml" "EM_fit.halfsibdata" 
"ccov_reml" "ccomp_reml" "EM_fit.halfsibdata" 
"%*%" "ccov_counts" "ccov_reml" "ccomp_reml" "EM_fit.halfsibdata" 
"t" "ccov_counts" "ccov_reml" "ccomp_reml" "EM_fit.halfsibdata" 
"t" "ccov_counts" "ccov_reml" "ccomp_reml" "EM_fit.halfsibdata" 
"ccov_counts" "ccov_reml" "ccomp_reml" "EM_fit.halfsibdata" 
"ccov_reml" "ccomp_reml" "EM_fit.halfsibdata" 
"ccov_counts" "ccov_reml" "ccomp_reml" "EM_fit.halfsibdata" 
"ccov_reml" "ccomp_reml" "EM_fit.halfsibdata" 
"paste" "cond_cov_mats" "cond_cov_counts" "EM_fit.halfsibdata" 
"t" "ccov_counts" "ccov_reml" "cond_mean_reml" "EM_fit.halfsibdata" 
"t" "ccov_counts" "ccov_reml" "cond_mean_reml" "EM_fit.halfsibdata" 
"cond_mean_reml" "EM_fit.halfsibdata" 
"ccov_reml" "ccomp_reml" "EM_fit.halfsibdata" 
"t" "ccov_counts" "ccov_reml" "ccomp_reml" "EM_fit.halfsibdata" 
"t" "ccov_counts" "ccov_reml" "ccomp_reml" "EM_fit.halfsibdata" 
"%*%" "ccov_counts" "ccov_reml" "ccomp_reml" "EM_fit.halfsibdata" 
"%*%" "ccov_counts" "ccov_reml" "ccomp_reml" "EM_fit.halfsibdata" 
"ccov_counts" "ccov_reml" "ccomp_reml" "EM_fit.halfsibdata" 
"t" "ccov_counts" "ccov_reml" "ccomp_reml" "EM_fit.halfsibdata" 
"t" "ccov_raw" "ccov_counts" "ccov_reml" "ccomp_reml" "EM_fit.halfsibdata" 
"ccomp_reml" "EM_fit.halfsibdata" 
"t" "ccov_counts" "ccov_reml" "ccomp_reml" "EM_fit.halfsibdata" 
"ccov_reml" "ccomp_reml" "EM_fit.halfsibdata" 
